{"/Users/saarthakjain/Desktop/Masters/Fall_2022/CSE565/Assignments/Assignment1/src/binarySearch.js": {"path":"/Users/saarthakjain/Desktop/Masters/Fall_2022/CSE565/Assignments/Assignment1/src/binarySearch.js","statementMap":{"0":{"start":{"line":2,"column":4},"end":{"line":2,"column":14}},"1":{"start":{"line":3,"column":13},"end":{"line":3,"column":14}},"2":{"start":{"line":3,"column":22},"end":{"line":3,"column":34}},"3":{"start":{"line":4,"column":4},"end":{"line":16,"column":5}},"4":{"start":{"line":5,"column":16},"end":{"line":5,"column":49}},"5":{"start":{"line":6,"column":8},"end":{"line":15,"column":9}},"6":{"start":{"line":7,"column":12},"end":{"line":7,"column":22}},"7":{"start":{"line":10,"column":13},"end":{"line":15,"column":9}},"8":{"start":{"line":11,"column":12},"end":{"line":11,"column":26}},"9":{"start":{"line":14,"column":12},"end":{"line":14,"column":27}},"10":{"start":{"line":18,"column":4},"end":{"line":18,"column":14}},"11":{"start":{"line":21,"column":0},"end":{"line":21,"column":29}}},"fnMap":{"0":{"name":"binarySearch","decl":{"start":{"line":1,"column":9},"end":{"line":1,"column":21}},"loc":{"start":{"line":1,"column":32},"end":{"line":19,"column":1}},"line":1}},"branchMap":{"0":{"loc":{"start":{"line":6,"column":8},"end":{"line":15,"column":9}},"type":"if","locations":[{"start":{"line":6,"column":8},"end":{"line":15,"column":9}},{"start":{"line":10,"column":13},"end":{"line":15,"column":9}}],"line":6},"1":{"loc":{"start":{"line":10,"column":13},"end":{"line":15,"column":9}},"type":"if","locations":[{"start":{"line":10,"column":13},"end":{"line":15,"column":9}},{"start":{"line":13,"column":13},"end":{"line":15,"column":9}}],"line":10}},"s":{"0":6,"1":6,"2":6,"3":6,"4":13,"5":13,"6":4,"7":9,"8":6,"9":3,"10":2,"11":1},"f":{"0":6},"b":{"0":[4,9],"1":[6,3]},"_coverageSchema":"1a1c01bbd47fc00a2c39e90264f33305004495a9","hash":"79d9e8dde66e90da16de6a37ab70a56f93f76658"}
}
